Removed Pin From Net: NetName=TX6 Pin=P20-2
Removed Pin From Net: NetName=GND_D Pin=U2-1
Removed Pin From Net: NetName=12V Pin=U2-2
Removed Pin From Net: NetName=5V_D Pin=U2-3
Removed Pin From Net: NetName=GND_D Pin=U2-4
Change Component Designator: OldDesignator=P11 NewDesignator=P13
Change Component Designator: OldDesignator=P12 NewDesignator=P11
Change Component Designator: OldDesignator=P13 NewDesignator=P12
Added Component: Designator=U3(稳压模块)
Added Pin To Net: NetName=DL_N Pin=P20-2
Added Pin To Net: NetName=TX6 Pin=P21-2
Added Pin To Net: NetName=RX6 Pin=P21-3
Added Pin To Net: NetName=GND Pin=P21-4
Added Pin To Net: NetName=12V_MCU Pin=U2-2
Added Pin To Net: NetName=GND_MCU Pin=U2-3
Added Pin To Net: NetName=GND_DIANLI Pin=U2-4
Added Pin To Net: NetName=GND_D Pin=U2-1
Added Pin To Net: NetName=12V Pin=U2-2
Added Pin To Net: NetName=5V_D Pin=U2-3
Added Pin To Net: NetName=GND_D Pin=U2-4
Change Net Name : Old Net Name=NetP12_2 New Net Name=NetP11_2
Change Net Name : Old Net Name=NetP12_3 New Net Name=NetP11_3
Added Member To Class: ClassName=中国机器人底板V1.0 Member=Component P21 Header 4
Added Member To Class: ClassName=中国机器人底板V1.0 Member=Component U3 3A稳压模块
Added Room: Name=中国机器人底板V1.0
