Added Component: Designator=J1(Modolex_6P)
Added Component: Designator=R1(0603_R)
Added Component: Designator=U6(SOIC-16_150mil)
Added Pin To Net: NetName=5V_D Pin=J1-1
Added Pin To Net: NetName=GND_D Pin=J1-2
Added Pin To Net: NetName=PWM1 Pin=J1-3
Added Pin To Net: NetName=PWM2 Pin=J1-4
Added Pin To Net: NetName=PWM3 Pin=J1-5
Added Pin To Net: NetName=PWM4 Pin=J1-6
Added Pin To Net: NetName=TX2 Pin=R1-1
Added Pin To Net: NetName=NetP14_2 Pin=R1-2
Added Pin To Net: NetName=NetC1_2 Pin=U6-1
Added Pin To Net: NetName=NetC2_1 Pin=U6-2
Added Pin To Net: NetName=NetC1_1 Pin=U6-3
Added Pin To Net: NetName=NetC4_1 Pin=U6-4
Added Pin To Net: NetName=NetC4_2 Pin=U6-5
Added Pin To Net: NetName=NetC5_1 Pin=U6-6
Added Pin To Net: NetName=NetR3_2 Pin=U6-11
Added Pin To Net: NetName=NetR4_2 Pin=U6-12
Added Pin To Net: NetName=TX_232 Pin=U6-13
Added Pin To Net: NetName=RX_232 Pin=U6-14
Added Pin To Net: NetName=GND Pin=U6-15
Added Pin To Net: NetName=3.3V Pin=U6-16
Added Member To Class: ClassName=中国机器人底板V1.0 Member=Component J1 Header 6
Added Member To Class: ClassName=中国机器人底板V1.0 Member=Component R1 0Ω (0R0) ±1%
Added Member To Class: ClassName=中国机器人底板V1.0 Member=Component U6 MAX232ESE
