Added Component: Designator=C1(0603_C)
Added Component: Designator=C2(0603_C)
Added Component: Designator=C3(0603_C)
Added Component: Designator=C4(0603_C)
Added Component: Designator=C5(0603_C)
Added Component: Designator=R2(0603_R)
Added Component: Designator=R3(0603_R)
Added Component: Designator=R4(0603_R)
Added Pin To Net: NetName=NetC1_1 Pin=C1-1
Added Pin To Net: NetName=NetC1_2 Pin=C1-2
Added Pin To Net: NetName=NetC2_1 Pin=C2-1
Added Pin To Net: NetName=3.3V Pin=C2-2
Added Pin To Net: NetName=3.3V Pin=C3-1
Added Pin To Net: NetName=GND Pin=C3-2
Added Pin To Net: NetName=NetC4_1 Pin=C4-1
Added Pin To Net: NetName=NetC4_2 Pin=C4-2
Added Pin To Net: NetName=NetC5_1 Pin=C5-1
Added Pin To Net: NetName=GND Pin=C5-2
Added Pin To Net: NetName=RX2 Pin=R2-1
Added Pin To Net: NetName=NetP14_3 Pin=R2-2
Added Pin To Net: NetName=TX2 Pin=R3-1
Added Pin To Net: NetName=NetR3_2 Pin=R3-2
Added Pin To Net: NetName=RX2 Pin=R4-1
Added Pin To Net: NetName=NetR4_2 Pin=R4-2
Added Member To Class: ClassName=中国机器人底板V1.0 Member=Component C1 100nF (104) 10% 50V
Added Member To Class: ClassName=中国机器人底板V1.0 Member=Component C2 100nF (104) 10% 50V
Added Member To Class: ClassName=中国机器人底板V1.0 Member=Component C3 100nF (104) 10% 50V
Added Member To Class: ClassName=中国机器人底板V1.0 Member=Component C4 100nF (104) 10% 50V
Added Member To Class: ClassName=中国机器人底板V1.0 Member=Component C5 100nF (104) 10% 50V
Added Member To Class: ClassName=中国机器人底板V1.0 Member=Component R2 0Ω (0R0) ±1%
Added Member To Class: ClassName=中国机器人底板V1.0 Member=Component R3 0Ω (0R0) ±1%
Added Member To Class: ClassName=中国机器人底板V1.0 Member=Component R4 0Ω (0R0) ±1%
