Removed Pin From Net: NetName=12V Pin=M2-4
Removed Pin From Net: NetName=CANH_M Pin=P3-1
Removed Pin From Net: NetName=CANH_M Pin=P3-2
Removed Pin From Net: NetName=CANL_M Pin=P3-3
Removed Pin From Net: NetName=CANL_M Pin=P3-4
Removed Pin From Net: NetName=TX6 Pin=P20-2
Removed Pin From Net: NetName=RX6 Pin=P20-3
Removed Pin From Net: NetName=GND Pin=P20-4
Removed Pin From Net: NetName=GND_D Pin=U2-1
Removed Pin From Net: NetName=12V Pin=U2-2
Removed Pin From Net: NetName=5V_D Pin=U2-3
Removed Pin From Net: NetName=GND_D Pin=U2-4
Removed Pin From Net: NetName=12V Pin=U4-2
Removed Pin From Net: NetName=GND_D Pin=U4-3
Removed Pin From Net: NetName=GND_DIANLI Pin=U4-4
Removed Pin From Net: NetName=12V_DIANLI Pin=U4-5
Removed Pin From Net: NetName=12V Pin=U8-2
Removed Pin From Net: NetName=GND_D Pin=U8-3
Change Component DesignItemId : Designator=P20 Old DesignItemId=Header 4 New DesignItemId=Header 2
Change Component DesignItemId : Designator=U2 Old DesignItemId=可调稳压芯片 New DesignItemId=金升阳稳压模块单路
Change Component Footprint: Designator=P20 Old Footprint=Molex-4 New Footprint=XT30 - 2
Change Component Footprint: Designator=U2 Old Footprint=稳压模块 New Footprint=金升阳稳压模块单路
Change Component Comment : Designator=U2 Old Comment=3A稳压模块 New Comment=金升阳稳压模块单路
Change Component Comment : Designator=P20 Old Comment=Header 4 New Comment=Header 2
Change Component Designator: OldDesignator=P4 NewDesignator=P3
Change Component Designator: OldDesignator=P5 NewDesignator=P4
Change Component Designator: OldDesignator=P6 NewDesignator=P5
Change Component Designator: OldDesignator=P7 NewDesignator=P6
Change Component Designator: OldDesignator=P8 NewDesignator=P7
Change Component Designator: OldDesignator=P9 NewDesignator=P8
Change Component Designator: OldDesignator=P10 NewDesignator=P9
Change Component Designator: OldDesignator=P11 NewDesignator=P10
Change Component Designator: OldDesignator=P14 NewDesignator=P11
Change Component Designator: OldDesignator=P15 NewDesignator=P14
Change Component Designator: OldDesignator=P16 NewDesignator=P15
Change Component Designator: OldDesignator=P17 NewDesignator=P16
Change Component Designator: OldDesignator=P18 NewDesignator=P17
Change Component Designator: OldDesignator=P19 NewDesignator=P18
Change Component Designator: OldDesignator=P21 NewDesignator=P22
Change Component Designator: OldDesignator=U3 NewDesignator=U4
Added Component: Designator=CAN1(Modolex_6P)
Added Component: Designator=P19(XT30 - 2)
Added Component: Designator=P21(Molex-4)
Added Component: Designator=U3(稳压模块)
Added Pin To Net: NetName=CANL_M Pin=CAN1-1
Added Pin To Net: NetName=CANH_M Pin=CAN1-2
Added Pin To Net: NetName=GND Pin=CAN1-3
Added Pin To Net: NetName=GND Pin=CAN1-4
Added Pin To Net: NetName=5V Pin=CAN1-5
Added Pin To Net: NetName=5V Pin=CAN1-6
Added Pin To Net: NetName=GND_D Pin=M2-4
Added Pin To Net: NetName=DL_P Pin=P20-1
Added Pin To Net: NetName=DL_N Pin=P20-2
Added Pin To Net: NetName=TX6 Pin=P20-2
Added Pin To Net: NetName=GND_DIANLI Pin=U2-4
Added Pin To Net: NetName=12V_DIANLI Pin=U2-5
Added Pin To Net: NetName=GND_D Pin=U2-1
Added Pin To Net: NetName=12V Pin=U2-2
Added Pin To Net: NetName=5V_D Pin=U2-3
Added Pin To Net: NetName=GND_D Pin=U2-4
Change Net Name : Old Net Name=NetP14_2 New Net Name=NetP11_2
Change Net Name : Old Net Name=NetP14_3 New Net Name=NetP11_3
Added Pin To Net: NetName=12V_MCU Pin=P19-1
Added Pin To Net: NetName=12V_MCU Pin=U2-2
Added Pin To Net: NetName=12V_MCU Pin=U8-2
Added Net: Name=12V_MCU
Added Pin To Net: NetName=GND_MCU Pin=P19-2
Added Pin To Net: NetName=GND_MCU Pin=U2-3
Added Pin To Net: NetName=GND_MCU Pin=U8-3
Added Net: Name=GND_MCU
Added Member To Class: ClassName=中国机器人底板V1.0 Member=Component CAN1 Header 6
Added Member To Class: ClassName=中国机器人底板V1.0 Member=Component P22 Header 2
Added Room: Name=中国机器人底板V1.0
