Added Pin To Net: NetName=PD2 Pin=P1-26
Added Pin To Net: NetName=PD2 Pin=U1-83
Added Net: Name=PD2
Added Pin To Net: NetName=PD3 Pin=P1-25
Added Pin To Net: NetName=PD3 Pin=U1-84
Added Net: Name=PD3
Added Pin To Net: NetName=PD4 Pin=P1-28
Added Pin To Net: NetName=PD4 Pin=U1-85
Added Net: Name=PD4
Added Pin To Net: NetName=PD5 Pin=P1-27
Added Pin To Net: NetName=PD5 Pin=U1-47
Added Net: Name=PD5
Added Pin To Net: NetName=PD6 Pin=P1-30
Added Pin To Net: NetName=PD6 Pin=U1-91
Added Net: Name=PD6
Added Pin To Net: NetName=PD7 Pin=P1-29
Added Pin To Net: NetName=PD7 Pin=U1-88
Added Net: Name=PD7
Added Pin To Net: NetName=RX1 Pin=P2-18
Added Pin To Net: NetName=RX1 Pin=U1-46
Added Net: Name=RX1
Added Pin To Net: NetName=RX6 Pin=P2-17
Added Pin To Net: NetName=RX6 Pin=U1-64
Added Net: Name=RX6
Added Pin To Net: NetName=TIM4_CH1 Pin=R21-1
Added Pin To Net: NetName=TIM4_CH1 Pin=U1-59
Added Net: Name=TIM4_CH1
Added Pin To Net: NetName=TIM4_CH2 Pin=R18-1
Added Pin To Net: NetName=TIM4_CH2 Pin=U1-60
Added Net: Name=TIM4_CH2
Added Pin To Net: NetName=TIM4_CH3 Pin=R16-1
Added Pin To Net: NetName=TIM4_CH3 Pin=U1-61
Added Net: Name=TIM4_CH3
Added Pin To Net: NetName=TIM4_CH4 Pin=R14-1
Added Pin To Net: NetName=TIM4_CH4 Pin=U1-62
Added Net: Name=TIM4_CH4
Added Pin To Net: NetName=TX1 Pin=P2-20
Added Pin To Net: NetName=TX1 Pin=U1-68
Added Net: Name=TX1
Added Pin To Net: NetName=TX6 Pin=P2-19
Added Pin To Net: NetName=TX6 Pin=U1-63
Added Net: Name=TX6
Added Member To Class: ClassName=Ö÷¿Ø°å Member=Component P2 Header 22X2
Added Member To Class: ClassName=Ö÷¿Ø°å Member=Component R32 10K¦¸ (1002) ¡À1%
Added Room: Name=Ö÷¿Ø°å
