Removed Pin From Net: NetName=GND Pin=C17-1
Removed Pin From Net: NetName=VCC3.3 Pin=C17-2
Removed Pin From Net: NetName=VCC3.3 Pin=U6-1
Removed Pin From Net: NetName=GND Pin=U6-3
Change Component Designator: OldDesignator=C14 NewDesignator=C15
Change Component Designator: OldDesignator=C15 NewDesignator=C16
Change Component Designator: OldDesignator=C16 NewDesignator=C17
Change Component Designator: OldDesignator=R1(0) NewDesignator=R1
Change Component Designator: OldDesignator=R8(0) NewDesignator=R8
Change Component Designator: OldDesignator=R23(0) NewDesignator=R23
Added Component: Designator=C14(0603_C)
Added Pin To Net: NetName=VCC3.3 Pin=C14-1
Added Pin To Net: NetName=GND Pin=C14-2
Added Pin To Net: NetName=GND Pin=U6-1
Added Pin To Net: NetName=VCC3.3 Pin=U6-3
Change Net Name : Old Net Name=NetC14_2 New Net Name=NetC15_2
Change Net Name : Old Net Name=NetC15_2 New Net Name=NetC16_2
Change Net Name : Old Net Name=NetC16_1 New Net Name=NetC17_1
Change Net Name : Old Net Name=NetR1(0)_1 New Net Name=NetR1_1
Change Net Name : Old Net Name=NetR8(0)_1 New Net Name=NetR8_1
Added Member To Class: ClassName=Ö÷¿Ø°å Member=Component P2 Header 22X2
Added Member To Class: ClassName=Ö÷¿Ø°å Member=Component U1 STM32F407VET6
Added Room: Name=Ö÷¿Ø°å
