Removed Pin From Net: NetName=GND Pin=-1
Removed Pin From Net: NetName=RXN1 Pin=HLK-RM1-29
Removed Pin From Net: NetName=RXP1 Pin=HLK-RM1-30
Removed Pin From Net: NetName=TPTX0+ Pin=P3-1
Removed Pin From Net: NetName=TPRX0+ Pin=P3-3
Removed Pin From Net: NetName=TPRX0- Pin=P3-6
Removed Pin From Net: NetName=GND Pin=P3-8
Removed Pin From Net: NetName=GND Pin=P3-13
Removed Pin From Net: NetName=GND Pin=P3-14
Removed Pin From Net: NetName=RXP1 Pin=W1-6
Removed Pin From Net: NetName=RXN1 Pin=W1-8
Removed Pin From Net: NetName=TPRX0- Pin=W1-9
Removed Pin From Net: NetName=TPRX0+ Pin=W1-11
Removed Pin From Net: NetName=TPTX0+ Pin=W1-16
Removed Member From Class: ClassName=ROV2019V2.0 Member=P3
Removed Member From Class: ClassName=ROV2019V2.0 Member=W1
Added Component: Designator=S1(SW_PB2_A1)
Added Pin To Net: NetName=220V Pin=HLK-RM1-16
Added Pin To Net: NetName=TPRX0+ Pin=R15-1
Added Pin To Net: NetName=GND Pin=R15-2
Added Pin To Net: NetName=220V Pin=S1-1
Added Pin To Net: NetName=TPRX0+ Pin=S1-2
Change Net Name : Old Net Name=220V New Net Name=RET
Change Net Name : Old Net Name=220V_GND New Net Name=NetC1_2
Change Net Name : Old Net Name=RXN1 New Net Name=NetC2_2
Change Net Name : Old Net Name=RXP1 New Net Name=NetC3_2
Change Net Name : Old Net Name=TPRX0+ New Net Name=NetR15_1
Change Net Name : Old Net Name=TPRX0- New Net Name=D-
Change Net Name : Old Net Name=TPTX0+ New Net Name=D+
Added Member To Class: ClassName=ROV2019V2.0 Member=Component R15 1K¦¸ (1001) ¡À1%
Added Member To Class: ClassName=ROV2019V2.0 Member=Component S1 SW-PB
Added Room: Name=ROV2019V2.0
