Removed Pin From Net: NetName=NetP4_1 Pin=P4-1
Removed Pin From Net: NetName=NetP4_3 Pin=P4-3
Change Component Designator: OldDesignator=C5 NewDesignator=C9
Change Component Designator: OldDesignator=C6 NewDesignator=C5
Change Component Designator: OldDesignator=C7 NewDesignator=C6
Change Component Designator: OldDesignator=C8 NewDesignator=C7
Change Component Designator: OldDesignator=C9 NewDesignator=C8
Change Component Designator: OldDesignator=D2 NewDesignator=D1
Change Component Designator: OldDesignator=D3 NewDesignator=D2
Change Component Designator: OldDesignator=D4 NewDesignator=D3
Change Component Designator: OldDesignator=D5 NewDesignator=D4
Change Component Designator: OldDesignator=D6 NewDesignator=D5
Change Component Designator: OldDesignator=D7 NewDesignator=D6
Change Component Designator: OldDesignator=D8 NewDesignator=D7
Change Component Designator: OldDesignator=D9 NewDesignator=D8
Change Component Designator: OldDesignator=D10 NewDesignator=D9
Change Component Designator: OldDesignator=D11 NewDesignator=D10
Change Component Designator: OldDesignator=D12 NewDesignator=D11
Change Component Designator: OldDesignator=HLK-RM08K NewDesignator=HLK-RM1
Change Component Designator: OldDesignator=P1 NewDesignator=P4
Change Component Designator: OldDesignator=P4 NewDesignator=P5
Change Component Designator: OldDesignator=R2 NewDesignator=R5
Change Component Designator: OldDesignator=R7 NewDesignator=R6
Change Component Designator: OldDesignator=R8 NewDesignator=R7
Change Component Designator: OldDesignator=R9 NewDesignator=R8
Change Component Designator: OldDesignator=R10 NewDesignator=R9
Change Component Designator: OldDesignator=R11 NewDesignator=R10
Change Component Designator: OldDesignator=R12 NewDesignator=R11
Change Component Designator: OldDesignator=R13 NewDesignator=R12
Change Component Designator: OldDesignator=R14 NewDesignator=R13
Change Component Designator: OldDesignator=R15 NewDesignator=R14
Change Component Designator: OldDesignator=U1 NewDesignator=U2
Change Component Designator: OldDesignator=U2 NewDesignator=U3
Change Component Designator: OldDesignator=U3 NewDesignator=U5
Change Component Designator: OldDesignator=U NewDesignator=U1
Change Component Designator: OldDesignator=W3 NewDesignator=W2
Change Component Designator: OldDesignator=W4 NewDesignator=W3
Added Pin To Net: NetName=NetP4_3 Pin=P5-1
Added Pin To Net: NetName=NetP4_1 Pin=P5-3
Change Net Name : Old Net Name=NetD2_A New Net Name=NetD1_A
Change Net Name : Old Net Name=NetD2_K New Net Name=NetD1_K
Change Net Name : Old Net Name=NetD3_A New Net Name=NetD2_A
Change Net Name : Old Net Name=NetD4_A New Net Name=NetD3_A
Change Net Name : Old Net Name=NetD5_A New Net Name=NetD4_A
Change Net Name : Old Net Name=NetD6_A New Net Name=NetD5_A
Change Net Name : Old Net Name=NetD7_A New Net Name=NetD6_A
Change Net Name : Old Net Name=NetD8_A New Net Name=NetD7_A
Change Net Name : Old Net Name=NetD9_A New Net Name=NetD8_A
Change Net Name : Old Net Name=NetD10_A New Net Name=NetD9_A
Change Net Name : Old Net Name=NetD11_A New Net Name=NetD10_A
Change Net Name : Old Net Name=NetD12_A New Net Name=NetD11_A
Change Net Name : Old Net Name=NetP4_1 New Net Name=NetP5_3
Change Net Name : Old Net Name=NetP4_2 New Net Name=NetP5_2
Change Net Name : Old Net Name=NetP4_3 New Net Name=NetP5_1
Added Member To Class: ClassName=ROV2019V2.0 Member=Component P5 Header 3X2A
Added Member To Class: ClassName=ROV2019V2.0 Member=Component R5 1K¦¸ (1001) ¡À1%
Added Room: Name=ROV2019V2.0
