Removed Pin From Net: NetName=48V Pin=P7-1
Removed Pin From Net: NetName=GND_D Pin=P7-2
Added Component: Designator=C?(1206_C)
Add component. Clean all parameters for all variants
Add component (AddParameter): Name = "ComponentLink1Description"; Value = "供应商链接"; VariantName = "[No Variations]"
Add component (AddParameter): Name = "ComponentLink1URL"; Value = "http://www.szlcsc.com/product/details_14236.html"; VariantName = "[No Variations]"
Add component (AddParameter): Name = "Notepad"; Value = ""; VariantName = "[No Variations]"
Add component (AddParameter): Name = "Package"; Value = "1206"; VariantName = "[No Variations]"
Add component (AddParameter): Name = "Supplier"; Value = "LC"; VariantName = "[No Variations]"
Add component (AddParameter): Name = "SuppliersPartNumber"; Value = "C13585"; VariantName = "[No Variations]"
Added Component: Designator=P3(Rj45)
Add component. Clean all parameters for all variants
Added Pin To Net: NetName=TPTX0+ Pin=P3-1
Added Pin To Net: NetName=TPTX0- Pin=P3-2
Added Pin To Net: NetName=TPRX0+ Pin=P3-3
Added Pin To Net: NetName=TPRX0- Pin=P3-6
Added Pin To Net: NetName=GND Pin=P3-8
Added Pin To Net: NetName=GND Pin=P3-13
Added Pin To Net: NetName=GND Pin=P3-14
Added Member To Class: ClassName=ROV2019V2.0 Member=Component C? 10uF (106) 10% 50V
Added Member To Class: ClassName=ROV2019V2.0 Member=Component P3 RJ45
