Added Component: Designator=U7(主控)
Add component. Clean all parameters for all variants
Added Pin To Net: NetName=NetCAN1_3 Pin=CAN1-3
Added Pin To Net: NetName=NetCAN1_3 Pin=CAN1-4
Added Pin To Net: NetName=5V Pin=U7-1
Added Pin To Net: NetName=5V Pin=U7-1
Added Pin To Net: NetName=5V Pin=U7-1
Added Pin To Net: NetName=5V Pin=U7-1
Added Pin To Net: NetName=5V Pin=U7-1
Added Pin To Net: NetName=5V Pin=U7-1
Added Pin To Net: NetName=5V Pin=U7-1
Added Pin To Net: NetName=5V Pin=U7-1
Added Pin To Net: NetName=CANL_M Pin=U7-2
Added Pin To Net: NetName=CANL_S Pin=U7-3
Added Pin To Net: NetName=CANH_M Pin=U7-4
Added Pin To Net: NetName=CANH_S Pin=U7-5
Added Pin To Net: NetName=3.3V Pin=U7-6
Added Pin To Net: NetName=3.3V Pin=U7-6
Added Pin To Net: NetName=3.3V Pin=U7-6
Added Pin To Net: NetName=3.3V Pin=U7-6
Added Pin To Net: NetName=3.3V Pin=U7-6
Added Pin To Net: NetName=3.3V Pin=U7-6
Added Pin To Net: NetName=RX1 Pin=U7-7
Added Pin To Net: NetName=RX2 Pin=U7-8
Added Pin To Net: NetName=RX3 Pin=U7-9
Added Pin To Net: NetName=RX6 Pin=U7-10
Added Pin To Net: NetName=TX1 Pin=U7-11
Added Pin To Net: NetName=TX2 Pin=U7-12
Added Pin To Net: NetName=TX3 Pin=U7-13
Added Pin To Net: NetName=TX6 Pin=U7-14
Added Pin To Net: NetName=SCL Pin=U7-15
Added Pin To Net: NetName=SDA Pin=U7-16
Added Pin To Net: NetName=LS+ Pin=U7-17
Added Pin To Net: NetName=DIO Pin=U7-18
Added Pin To Net: NetName=CLK Pin=U7-19
Added Pin To Net: NetName=LED2- Pin=U7-20
Added Pin To Net: NetName=LED2- Pin=U7-20
Added Pin To Net: NetName=LED2- Pin=U7-20
Added Pin To Net: NetName=LED2- Pin=U7-20
Added Pin To Net: NetName=LED2+ Pin=U7-21
Added Pin To Net: NetName=LED2+ Pin=U7-21
Added Pin To Net: NetName=LED2+ Pin=U7-21
Added Pin To Net: NetName=LED2+ Pin=U7-21
Added Pin To Net: NetName=LED1+ Pin=U7-22
Added Pin To Net: NetName=LED1+ Pin=U7-22
Added Pin To Net: NetName=LED1+ Pin=U7-22
Added Pin To Net: NetName=LED1+ Pin=U7-22
Added Pin To Net: NetName=LED1- Pin=U7-23
Added Pin To Net: NetName=LED1- Pin=U7-23
Added Pin To Net: NetName=LED1- Pin=U7-23
Added Pin To Net: NetName=LED1- Pin=U7-23
Added Pin To Net: NetName=GND_D Pin=U7-24
Added Pin To Net: NetName=GND_D Pin=U7-24
Added Pin To Net: NetName=GND_D Pin=U7-24
Added Pin To Net: NetName=GND_D Pin=U7-24
Added Pin To Net: NetName=12V_D Pin=U7-25
Added Pin To Net: NetName=12V_D Pin=U7-25
Added Pin To Net: NetName=12V_D Pin=U7-25
Added Pin To Net: NetName=12V_D Pin=U7-25
Added Pin To Net: NetName=GND Pin=U7-26
Added Pin To Net: NetName=GND Pin=U7-26
Added Pin To Net: NetName=GND Pin=U7-26
Added Pin To Net: NetName=GND Pin=U7-26
Added Pin To Net: NetName=GND Pin=U7-26
Added Pin To Net: NetName=GND Pin=U7-26
Added Pin To Net: NetName=GND Pin=U7-26
Added Pin To Net: NetName=GND Pin=U7-26
Added Pin To Net: NetName=GND Pin=U7-26
Added Pin To Net: NetName=GND Pin=U7-26
Added Pin To Net: NetName=GND Pin=U7-26
Added Member To Class: ClassName=中国机器人底板V1.0 Member=Component M1 HOBBYWING_FPV_1
Added Member To Class: ClassName=中国机器人底板V1.0 Member=Component U7 主控
