Removed Pin From Net: NetName=CAN1_TX Pin=MAX1-1
Removed Pin From Net: NetName=GND Pin=MAX1-2
Removed Pin From Net: NetName=VCC3.3 Pin=MAX1-3
Removed Pin From Net: NetName=CAN1_RX Pin=MAX1-4
Removed Pin From Net: NetName=CAN1L Pin=MAX1-6
Removed Pin From Net: NetName=CAN1H Pin=MAX1-7
Removed Pin From Net: NetName=GND Pin=MAX1-8
Removed Pin From Net: NetName=VCC5 Pin=P9-1
Removed Pin From Net: NetName=CAN1H Pin=P9-2
Removed Pin From Net: NetName=CAN1L Pin=P9-3
Removed Pin From Net: NetName=GND Pin=P9-4
Removed Pin From Net: NetName=CAN1L Pin=P10-2
Removed Member From Class: ClassName=原理图1 Member=MAX1
Removed Member From Class: ClassName=原理图1 Member=P9
Removed Member From Class: ClassName=原理图1 Member=P10
Added Component: Designator=C10(0805_C)
Added Component: Designator=C11(0805_C)
Added Component: Designator=U?(SOIC-8_150mil)
Added Pin To Net: NetName=GND Pin=C10-1
Added Pin To Net: NetName=OSC_IN Pin=C10-2
Added Pin To Net: NetName=GND Pin=C11-1
Added Pin To Net: NetName=OSC_OUT Pin=C11-2
Added Pin To Net: NetName=CAN1H Pin=R21-1
Added Pin To Net: NetName=CAN1L Pin=R21-2
Added Pin To Net: NetName=GND Pin=U?-2
Added Pin To Net: NetName=VCC3.3 Pin=U?-3
Added Pin To Net: NetName=CAN1L Pin=U?-6
Added Pin To Net: NetName=CAN1H Pin=U?-7
Added Pin To Net: NetName=GND Pin=U?-8
Added Member To Class: ClassName=原理图1 Member=Component C10 22pF (220) 5% 50V
Added Member To Class: ClassName=原理图1 Member=Component C11 22pF (220) 5% 50V
Added Member To Class: ClassName=原理图1 Member=Component U? CAN/SN65HVD230DR
