Added Component: Designator=C1(1206_C)
Added Component: Designator=C2(1206_C)
Added Component: Designator=C3(0603_C)
Added Component: Designator=C4(0603_C)
Added Component: Designator=C5(0603_C)
Added Component: Designator=C6(0603_C)
Added Component: Designator=C7(0603_C)
Added Component: Designator=C8(0603_C)
Added Component: Designator=C9(0603_C)
Added Component: Designator=CAN1(Modolex_6P)
Added Component: Designator=CAN3(Modolex_6P)
Added Component: Designator=D1(0603_LED_S1)
Added Component: Designator=D2(0603_LED_S1)
Added Component: Designator=D3(0603_LED_S1)
Added Component: Designator=D4(0603_LED_S1)
Added Component: Designator=F1(6-0805_M)
Added Component: Designator=FB1(0805_L)
Added Component: Designator=FB2(0805_L)
Added Component: Designator=J1(8M-cstcy)
Added Component: Designator=M1(HOBBYWING_WING20A/30A)
Added Component: Designator=M2(HOBBYWING_WING20A/30A)
Added Component: Designator=M3(HOBBYWING_WING20A/30A)
Added Component: Designator=M4(HOBBYWING_WING20A/30A)
Added Component: Designator=MAX1(SO8_M)
Added Component: Designator=P1(Molex-4)
Added Component: Designator=P2(Molex-4)
Added Component: Designator=P3(1)
Added Component: Designator=P4(1)
Added Component: Designator=P5(1)
Added Component: Designator=P6(1)
Added Component: Designator=P7(XT30 - 2)
Added Component: Designator=P8(XT30 - 2)
Added Component: Designator=P9(Molex-4)
Added Component: Designator=P10(HDR1X2)
Added Component: Designator=R1(0603_R)
Added Component: Designator=R2(0603_R)
Added Component: Designator=R3(0603_R)
Added Component: Designator=R4(0603_R)
Added Component: Designator=R5(0603_R)
Added Component: Designator=R6(0603_R)
Added Component: Designator=R7(0603_R)
Added Component: Designator=R8(0603_R)
Added Component: Designator=R9(0603_R)
Added Component: Designator=R10(0603_R)
Added Component: Designator=R11(0603_R)
Added Component: Designator=R12(0603_R)
Added Component: Designator=R13(0603_R)
Added Component: Designator=R14(0603_R)
Added Component: Designator=R15(0603_R)
Added Component: Designator=R16(0603_R)
Added Component: Designator=R17(0603_R)
Added Component: Designator=R18(0603_R)
Added Component: Designator=R19(0603_R)
Added Component: Designator=R20(0603_R)
Added Component: Designator=R22(0603_R)
Added Component: Designator=U1(LQFP-48_7x7x05P)
Added Component: Designator=U2(LC-SOP-16_150mil)
Added Component: Designator=U3(LC-SOP-16_150mil)
Added Component: Designator=VR1(SOT-223)
Added Component: Designator=VR2(TO-252-2-180)
Added Pin To Net: NetName=+12V Pin=M1-1
Added Pin To Net: NetName=+12V Pin=M2-1
Added Pin To Net: NetName=+12V Pin=M3-1
Added Pin To Net: NetName=+12V Pin=M4-1
Added Pin To Net: NetName=+12V Pin=P7-1
Added Pin To Net: NetName=+12V Pin=P7-2
Added Pin To Net: NetName=+12V Pin=VR2-1
Added Net: Name=+12V
Added Pin To Net: NetName=CAN1_RX Pin=MAX1-4
Added Pin To Net: NetName=CAN1_RX Pin=U1-32
Added Net: Name=CAN1_RX
Added Pin To Net: NetName=CAN1_TX Pin=MAX1-1
Added Pin To Net: NetName=CAN1_TX Pin=U1-33
Added Net: Name=CAN1_TX
Added Pin To Net: NetName=CAN1H Pin=CAN1-2
Added Pin To Net: NetName=CAN1H Pin=MAX1-7
Added Pin To Net: NetName=CAN1H Pin=P9-2
Added Net: Name=CAN1H
Added Pin To Net: NetName=CAN1L Pin=CAN1-1
Added Pin To Net: NetName=CAN1L Pin=MAX1-6
Added Pin To Net: NetName=CAN1L Pin=P9-3
Added Pin To Net: NetName=CAN1L Pin=P10-2
Added Net: Name=CAN1L
Added Pin To Net: NetName=D_GND1 Pin=M1-2
Added Pin To Net: NetName=D_GND1 Pin=M1-4
Added Pin To Net: NetName=D_GND1 Pin=M2-2
Added Pin To Net: NetName=D_GND1 Pin=M2-4
Added Pin To Net: NetName=D_GND1 Pin=M3-2
Added Pin To Net: NetName=D_GND1 Pin=M3-4
Added Pin To Net: NetName=D_GND1 Pin=M4-2
Added Pin To Net: NetName=D_GND1 Pin=M4-4
Added Pin To Net: NetName=D_GND1 Pin=P8-1
Added Pin To Net: NetName=D_GND1 Pin=P8-2
Added Pin To Net: NetName=D_GND1 Pin=R22-1
Added Pin To Net: NetName=D_GND1 Pin=U2-9
Added Pin To Net: NetName=D_GND1 Pin=U2-11
Added Pin To Net: NetName=D_GND1 Pin=U2-13
Added Pin To Net: NetName=D_GND1 Pin=U2-15
Added Pin To Net: NetName=D_GND1 Pin=U3-9
Added Pin To Net: NetName=D_GND1 Pin=U3-11
Added Pin To Net: NetName=D_GND1 Pin=U3-13
Added Pin To Net: NetName=D_GND1 Pin=U3-15
Added Pin To Net: NetName=D_GND1 Pin=VR2-2
Added Net: Name=D_GND1
Added Pin To Net: NetName=DRIVING_CURRENT1 Pin=U1-15
Added Net: Name=DRIVING_CURRENT1
Added Pin To Net: NetName=GND Pin=C1-1
Added Pin To Net: NetName=GND Pin=C2-1
Added Pin To Net: NetName=GND Pin=C3-1
Added Pin To Net: NetName=GND Pin=C4-1
Added Pin To Net: NetName=GND Pin=C5-1
Added Pin To Net: NetName=GND Pin=C7-1
Added Pin To Net: NetName=GND Pin=C8-1
Added Pin To Net: NetName=GND Pin=C9-1
Added Pin To Net: NetName=GND Pin=CAN1-3
Added Pin To Net: NetName=GND Pin=CAN1-4
Added Pin To Net: NetName=GND Pin=CAN3-5
Added Pin To Net: NetName=GND Pin=D1-K
Added Pin To Net: NetName=GND Pin=FB1-1
Added Pin To Net: NetName=GND Pin=J1-3
Added Pin To Net: NetName=GND Pin=MAX1-2
Added Pin To Net: NetName=GND Pin=MAX1-8
Added Pin To Net: NetName=GND Pin=P1-1
Added Pin To Net: NetName=GND Pin=P2-1
Added Pin To Net: NetName=GND Pin=P9-4
Added Pin To Net: NetName=GND Pin=R1-1
Added Pin To Net: NetName=GND Pin=R2-1
Added Pin To Net: NetName=GND Pin=U1-23
Added Pin To Net: NetName=GND Pin=U1-35
Added Pin To Net: NetName=GND Pin=U1-47
Added Pin To Net: NetName=GND Pin=VR1-1
Added Net: Name=GND
Added Pin To Net: NetName=LED Pin=D3-K
Added Pin To Net: NetName=LED Pin=U1-29
Added Net: Name=LED
Added Pin To Net: NetName=NetD1_A Pin=D1-A
Added Pin To Net: NetName=NetD1_A Pin=U1-41
Added Net: Name=NetD1_A
Added Pin To Net: NetName=NetD2_K Pin=D2-K
Added Pin To Net: NetName=NetD2_K Pin=R2-2
Added Net: Name=NetD2_K
Added Pin To Net: NetName=NetD3_A Pin=D3-A
Added Pin To Net: NetName=NetD3_A Pin=R20-1
Added Net: Name=NetD3_A
Added Pin To Net: NetName=NetD4_K Pin=D4-K
Added Pin To Net: NetName=NetD4_K Pin=R22-2
Added Net: Name=NetD4_K
Added Pin To Net: NetName=NetF1_1 Pin=F1-1
Added Pin To Net: NetName=NetF1_1 Pin=VR1-2
Added Pin To Net: NetName=NetF1_1 Pin=VR1-2
Added Net: Name=NetF1_1
Added Pin To Net: NetName=NetM1_5 Pin=M1-5
Added Pin To Net: NetName=NetM1_5 Pin=P3-1
Added Net: Name=NetM1_5
Added Pin To Net: NetName=NetM1_6 Pin=M1-6
Added Pin To Net: NetName=NetM1_6 Pin=P3-2
Added Net: Name=NetM1_6
Added Pin To Net: NetName=NetM1_7 Pin=M1-7
Added Pin To Net: NetName=NetM1_7 Pin=P3-3
Added Net: Name=NetM1_7
Added Pin To Net: NetName=NetM2_5 Pin=M2-5
Added Pin To Net: NetName=NetM2_5 Pin=P4-1
Added Net: Name=NetM2_5
Added Pin To Net: NetName=NetM2_6 Pin=M2-6
Added Pin To Net: NetName=NetM2_6 Pin=P4-2
Added Net: Name=NetM2_6
Added Pin To Net: NetName=NetM2_7 Pin=M2-7
Added Pin To Net: NetName=NetM2_7 Pin=P4-3
Added Net: Name=NetM2_7
Added Pin To Net: NetName=NetM3_5 Pin=M3-5
Added Pin To Net: NetName=NetM3_5 Pin=P5-1
Added Net: Name=NetM3_5
Added Pin To Net: NetName=NetM3_6 Pin=M3-6
Added Pin To Net: NetName=NetM3_6 Pin=P5-2
Added Net: Name=NetM3_6
Added Pin To Net: NetName=NetM3_7 Pin=M3-7
Added Pin To Net: NetName=NetM3_7 Pin=P5-3
Added Net: Name=NetM3_7
Added Pin To Net: NetName=NetM4_5 Pin=M4-5
Added Pin To Net: NetName=NetM4_5 Pin=P6-1
Added Net: Name=NetM4_5
Added Pin To Net: NetName=NetM4_6 Pin=M4-6
Added Pin To Net: NetName=NetM4_6 Pin=P6-2
Added Net: Name=NetM4_6
Added Pin To Net: NetName=NetM4_7 Pin=M4-7
Added Pin To Net: NetName=NetM4_7 Pin=P6-3
Added Net: Name=NetM4_7
Added Pin To Net: NetName=NetP10_1 Pin=P10-1
Added Net: Name=NetP10_1
Added Pin To Net: NetName=NetR1_2 Pin=R1-2
Added Pin To Net: NetName=NetR1_2 Pin=U1-44
Added Net: Name=NetR1_2
Added Pin To Net: NetName=NetR3_2 Pin=R3-2
Added Pin To Net: NetName=NetR3_2 Pin=U2-2
Added Net: Name=NetR3_2
Added Pin To Net: NetName=NetR4_2 Pin=R4-2
Added Pin To Net: NetName=NetR4_2 Pin=U2-4
Added Net: Name=NetR4_2
Added Pin To Net: NetName=NetR5_2 Pin=R5-2
Added Pin To Net: NetName=NetR5_2 Pin=U2-6
Added Net: Name=NetR5_2
Added Pin To Net: NetName=NetR6_2 Pin=R6-2
Added Pin To Net: NetName=NetR6_2 Pin=U2-8
Added Net: Name=NetR6_2
Added Pin To Net: NetName=NetR11_2 Pin=R11-2
Added Pin To Net: NetName=NetR11_2 Pin=U3-2
Added Net: Name=NetR11_2
Added Pin To Net: NetName=NetR12_2 Pin=R12-2
Added Pin To Net: NetName=NetR12_2 Pin=U3-4
Added Net: Name=NetR12_2
Added Pin To Net: NetName=NetR13_2 Pin=R13-2
Added Pin To Net: NetName=NetR13_2 Pin=U3-6
Added Net: Name=NetR13_2
Added Pin To Net: NetName=NetR14_2 Pin=R14-2
Added Pin To Net: NetName=NetR14_2 Pin=U3-8
Added Net: Name=NetR14_2
Added Pin To Net: NetName=NRST Pin=C4-2
Added Pin To Net: NetName=NRST Pin=R19-1
Added Pin To Net: NetName=NRST Pin=U1-7
Added Net: Name=NRST
Added Pin To Net: NetName=OSC_IN Pin=J1-1
Added Pin To Net: NetName=OSC_IN Pin=U1-5
Added Net: Name=OSC_IN
Added Pin To Net: NetName=OSC_OUT Pin=J1-2
Added Pin To Net: NetName=OSC_OUT Pin=U1-6
Added Net: Name=OSC_OUT
Added Pin To Net: NetName=PWM_M1 Pin=M1-3
Added Pin To Net: NetName=PWM_M1 Pin=R10-1
Added Pin To Net: NetName=PWM_M1 Pin=U2-10
Added Net: Name=PWM_M1
Added Pin To Net: NetName=PWM_M2 Pin=M2-3
Added Pin To Net: NetName=PWM_M2 Pin=R9-1
Added Pin To Net: NetName=PWM_M2 Pin=U2-12
Added Net: Name=PWM_M2
Added Pin To Net: NetName=PWM_M3 Pin=M3-3
Added Pin To Net: NetName=PWM_M3 Pin=R8-1
Added Pin To Net: NetName=PWM_M3 Pin=U2-14
Added Net: Name=PWM_M3
Added Pin To Net: NetName=PWM_M4 Pin=M4-3
Added Pin To Net: NetName=PWM_M4 Pin=R7-1
Added Pin To Net: NetName=PWM_M4 Pin=U2-16
Added Net: Name=PWM_M4
Added Pin To Net: NetName=PWM_M5 Pin=CAN3-1
Added Pin To Net: NetName=PWM_M5 Pin=R15-1
Added Pin To Net: NetName=PWM_M5 Pin=U3-16
Added Net: Name=PWM_M5
Added Pin To Net: NetName=PWM_M6 Pin=CAN3-2
Added Pin To Net: NetName=PWM_M6 Pin=R16-1
Added Pin To Net: NetName=PWM_M6 Pin=U3-14
Added Net: Name=PWM_M6
Added Pin To Net: NetName=PWM_M7 Pin=CAN3-3
Added Pin To Net: NetName=PWM_M7 Pin=R17-1
Added Pin To Net: NetName=PWM_M7 Pin=U3-12
Added Net: Name=PWM_M7
Added Pin To Net: NetName=PWM_M8 Pin=CAN3-4
Added Pin To Net: NetName=PWM_M8 Pin=R18-1
Added Pin To Net: NetName=PWM_M8 Pin=U3-10
Added Net: Name=PWM_M8
Added Pin To Net: NetName=REF_SENSE1 Pin=U1-14
Added Net: Name=REF_SENSE1
Added Pin To Net: NetName=SWCLK Pin=P1-2
Added Pin To Net: NetName=SWCLK Pin=U1-37
Added Net: Name=SWCLK
Added Pin To Net: NetName=SWDIO Pin=P1-3
Added Pin To Net: NetName=SWDIO Pin=U1-34
Added Net: Name=SWDIO
Added Pin To Net: NetName=TIM2_CH1 Pin=U1-10
Added Net: Name=TIM2_CH1
Added Pin To Net: NetName=TIM2_CH2 Pin=U1-11
Added Net: Name=TIM2_CH2
Added Pin To Net: NetName=TIM2_CH3 Pin=U1-12
Added Net: Name=TIM2_CH3
Added Pin To Net: NetName=TIM2_CH4 Pin=U1-13
Added Net: Name=TIM2_CH4
Added Pin To Net: NetName=TIM3_CH1 Pin=R14-1
Added Pin To Net: NetName=TIM3_CH1 Pin=U1-16
Added Net: Name=TIM3_CH1
Added Pin To Net: NetName=TIM3_CH2 Pin=R13-1
Added Pin To Net: NetName=TIM3_CH2 Pin=U1-17
Added Net: Name=TIM3_CH2
Added Pin To Net: NetName=TIM3_CH3 Pin=R12-1
Added Pin To Net: NetName=TIM3_CH3 Pin=U1-18
Added Net: Name=TIM3_CH3
Added Pin To Net: NetName=TIM3_CH4 Pin=R11-1
Added Pin To Net: NetName=TIM3_CH4 Pin=U1-19
Added Net: Name=TIM3_CH4
Added Pin To Net: NetName=TIM4_CH1 Pin=R6-1
Added Pin To Net: NetName=TIM4_CH1 Pin=U1-42
Added Net: Name=TIM4_CH1
Added Pin To Net: NetName=TIM4_CH2 Pin=R5-1
Added Pin To Net: NetName=TIM4_CH2 Pin=U1-43
Added Net: Name=TIM4_CH2
Added Pin To Net: NetName=TIM4_CH3 Pin=R4-1
Added Pin To Net: NetName=TIM4_CH3 Pin=U1-45
Added Net: Name=TIM4_CH3
Added Pin To Net: NetName=TIM4_CH4 Pin=R3-1
Added Pin To Net: NetName=TIM4_CH4 Pin=U1-46
Added Net: Name=TIM4_CH4
Added Pin To Net: NetName=U1_RX Pin=P2-3
Added Pin To Net: NetName=U1_RX Pin=U1-31
Added Net: Name=U1_RX
Added Pin To Net: NetName=U1_TX Pin=P2-2
Added Pin To Net: NetName=U1_TX Pin=U1-30
Added Net: Name=U1_TX
Added Pin To Net: NetName=VCC3.3 Pin=C2-2
Added Pin To Net: NetName=VCC3.3 Pin=C3-2
Added Pin To Net: NetName=VCC3.3 Pin=C5-2
Added Pin To Net: NetName=VCC3.3 Pin=C7-2
Added Pin To Net: NetName=VCC3.3 Pin=C8-2
Added Pin To Net: NetName=VCC3.3 Pin=C9-2
Added Pin To Net: NetName=VCC3.3 Pin=D2-A
Added Pin To Net: NetName=VCC3.3 Pin=F1-2
Added Pin To Net: NetName=VCC3.3 Pin=FB2-1
Added Pin To Net: NetName=VCC3.3 Pin=MAX1-3
Added Pin To Net: NetName=VCC3.3 Pin=P1-4
Added Pin To Net: NetName=VCC3.3 Pin=P2-4
Added Pin To Net: NetName=VCC3.3 Pin=R19-2
Added Pin To Net: NetName=VCC3.3 Pin=R20-2
Added Pin To Net: NetName=VCC3.3 Pin=U1-1
Added Pin To Net: NetName=VCC3.3 Pin=U1-24
Added Pin To Net: NetName=VCC3.3 Pin=U1-36
Added Pin To Net: NetName=VCC3.3 Pin=U1-48
Added Pin To Net: NetName=VCC3.3 Pin=U2-1
Added Pin To Net: NetName=VCC3.3 Pin=U2-3
Added Pin To Net: NetName=VCC3.3 Pin=U2-5
Added Pin To Net: NetName=VCC3.3 Pin=U2-7
Added Pin To Net: NetName=VCC3.3 Pin=U3-1
Added Pin To Net: NetName=VCC3.3 Pin=U3-3
Added Pin To Net: NetName=VCC3.3 Pin=U3-5
Added Pin To Net: NetName=VCC3.3 Pin=U3-7
Added Net: Name=VCC3.3
Added Pin To Net: NetName=VCC5_D Pin=D4-A
Added Pin To Net: NetName=VCC5_D Pin=R7-2
Added Pin To Net: NetName=VCC5_D Pin=R8-2
Added Pin To Net: NetName=VCC5_D Pin=R9-2
Added Pin To Net: NetName=VCC5_D Pin=R10-2
Added Pin To Net: NetName=VCC5_D Pin=R15-2
Added Pin To Net: NetName=VCC5_D Pin=R16-2
Added Pin To Net: NetName=VCC5_D Pin=R17-2
Added Pin To Net: NetName=VCC5_D Pin=R18-2
Added Pin To Net: NetName=VCC5_D Pin=VR2-3
Added Net: Name=VCC5_D
Added Pin To Net: NetName=VCC5 Pin=C1-2
Added Pin To Net: NetName=VCC5 Pin=CAN1-5
Added Pin To Net: NetName=VCC5 Pin=CAN1-6
Added Pin To Net: NetName=VCC5 Pin=P9-1
Added Pin To Net: NetName=VCC5 Pin=VR1-3
Added Net: Name=VCC5
Added Pin To Net: NetName=VDDA Pin=C6-2
Added Pin To Net: NetName=VDDA Pin=FB2-2
Added Pin To Net: NetName=VDDA Pin=U1-9
Added Net: Name=VDDA
Added Pin To Net: NetName=VSSA Pin=C6-1
Added Pin To Net: NetName=VSSA Pin=FB1-2
Added Pin To Net: NetName=VSSA Pin=U1-8
Added Net: Name=VSSA
Added Class: Name=原理图1
Added Room: Name=原理图1
